<?xml version="1.0" encoding="UTF-8"?>
<testsuite name="domain.DepositTest" tests="2" skipped="0" failures="0" errors="0" timestamp="2019-09-26T15:01:11" hostname="MacBook-Pro-de-Yann.local" time="0.039">
  <properties/>
  <testcase name="should_deposit_10_euros_on_account_with_balance_10" classname="domain.DepositTest" time="0.038"/>
  <testcase name="should_deposit_10_euros_on_an_empty_account" classname="domain.DepositTest" time="0.0"/>
  <system-out><![CDATA[]]></system-out>
  <system-err><![CDATA[]]></system-err>
</testsuite>
